2025-05-18T03:32:36.691874700 Using default settings
2025-05-18T03:32:41.162649500 Using default settings
2025-05-18T03:32:45.129075200 Angel joined the chat
2025-05-18T03:32:58.552852200 Nika joined the chat
2025-05-18T03:32:58.552852200 Nika joined the chat
2025-05-18T03:33:04.151942500 Nika: Hello, Angel!
2025-05-18T03:33:04.152944100 Nika: Hello, Angel!
2025-05-18T03:33:04.152944100 Nika: Hello, Angel!
2025-05-18T03:33:12.319404700 Angel: Hello, Nika!
2025-05-18T03:33:12.320405900 Angel: Hello, Nika!
2025-05-18T03:33:12.320405900 Angel: Hello, Nika!
2025-05-18T03:33:21.503761400 Angel: Goodbye!
2025-05-18T03:33:21.503761400 Angel: Goodbye!
2025-05-18T03:33:21.503761400 Angel: Goodbye!
2025-05-18T03:33:28.535620100 Nika: Bye!
2025-05-18T03:33:28.535620100 Nika: Bye!
2025-05-18T03:33:28.536622200 Nika: Bye!
2025-05-18T03:35:04.013713200 Error reading from server: Connection reset
2025-05-18T03:35:04.014714 Error reading from server: Connection reset
2025-05-18T04:14:24.849723100 Using default settings
2025-05-18T04:14:31.767184100 Using default settings
2025-05-18T04:14:38.825267100 Robot1 joined the chat
2025-05-18T04:14:43.377570900 Robot2 joined the chat
2025-05-18T04:14:43.377570900 Robot2 joined the chat
2025-05-18T04:14:52.320711500 Robot1: Hello
2025-05-18T04:14:52.320711500 Robot1: Hello
2025-05-18T04:14:52.320711500 Robot1: Hello
2025-05-18T04:14:56.311950 Robot2: Hello
2025-05-18T04:14:56.312949900 Robot2: Hello
2025-05-18T04:14:56.312949900 Robot2: Hello
2025-05-18T04:15:05.639799500 Robot1: Bye
2025-05-18T04:15:05.640800600 Robot1: Bye
2025-05-18T04:15:05.640800600 Robot1: Bye
2025-05-18T04:15:09.599950800 Robot2: bye
2025-05-18T04:15:09.600951200 Robot2: bye
2025-05-18T04:15:09.600951200 Robot2: bye
2025-05-18T04:15:16.216553600 Robot1 left chat
2025-05-18T04:15:16.217859200 Robot1 left the chat
2025-05-18T04:15:25.847935100 Robot2 left chat
