2025-05-18T03:32:30.199007700 [SERVER] Using default port 8080
2025-05-18T03:32:30.211011300 [SERVER] Server started on port 8080
2025-05-18T03:32:45.128073600 [SERVER] Angel joined the chat
2025-05-18T03:32:58.551851900 [SERVER] Nika joined the chat
2025-05-18T03:33:04.151942500 [SERVER] Nika: Hello, Angel!
2025-05-18T03:33:12.319404700 [SERVER] Angel: Hello, Nika!
2025-05-18T03:33:21.503761400 [SERVER] Angel: Goodbye!
2025-05-18T03:33:28.535620100 [SERVER] Nika: Bye!
2025-05-18T03:47:24.052405900 [SERVER] Using default port 8080
2025-05-18T03:47:24.064410 [SERVER] Server started on port 8080
2025-05-18T03:47:31.832045600 [SERVER] Client error: Connection reset
2025-05-18T04:14:17.224734400 [SERVER] Using default port 8080
2025-05-18T04:14:17.236737500 [SERVER] Server started on port 8080
2025-05-18T04:14:38.825267100 [SERVER] Robot1 joined the chat
2025-05-18T04:14:43.376571400 [SERVER] Robot2 joined the chat
2025-05-18T04:14:52.320711500 [SERVER] Robot1: Hello
2025-05-18T04:14:56.311950 [SERVER] Robot2: Hello
2025-05-18T04:15:05.639799500 [SERVER] Robot1: Bye
2025-05-18T04:15:09.599950800 [SERVER] Robot2: bye
2025-05-18T04:15:16.216553600 [SERVER] Robot1 left the chat
2025-05-18T04:15:25.847935100 [SERVER] Robot2 left the chat
